2021-02-26 15:50:24,345 [restartedMain] INFO  com.phonebook.PhoneBookApplication                 - Starting PhoneBookApplication using Java 1.8.0_281 on LAPTOP-OEH3SNOH with PID 15724 (F:\STS\13-JRTP\PhoneBook\target\classes started by raman in F:\STS\13-JRTP\PhoneBook)
2021-02-26 15:50:24,350 [restartedMain] INFO  com.phonebook.PhoneBookApplication                 - No active profile set, falling back to default profiles: default
2021-02-26 15:50:24,423 [restartedMain] INFO  o.s.boot.devtools.restart.ChangeableUrls           - The Class-Path manifest attribute in C:\Users\raman\.m2\repository\com\oracle\database\jdbc\ojdbc8\19.8.0.0\ojdbc8-19.8.0.0.jar referenced one or more files that do not exist: file:/C:/Users/raman/.m2/repository/com/oracle/database/jdbc/ojdbc8/19.8.0.0/oraclepki.jar
2021-02-26 15:50:24,431 [restartedMain] INFO  o.s.b.d.e.DevToolsPropertyDefaultsPostProcessor    - Devtools property defaults active! Set 'spring.devtools.add-properties' to 'false' to disable
2021-02-26 15:50:24,431 [restartedMain] INFO  o.s.b.d.e.DevToolsPropertyDefaultsPostProcessor    - For additional web related logging consider setting the 'logging.level.web' property to 'DEBUG'
2021-02-26 15:50:27,714 [restartedMain] INFO  o.s.d.r.c.RepositoryConfigurationDelegate          - Bootstrapping Spring Data JPA repositories in DEFAULT mode.
2021-02-26 15:50:27,799 [restartedMain] INFO  o.s.d.r.c.RepositoryConfigurationDelegate          - Finished Spring Data repository scanning in 65 ms. Found 1 JPA repository interfaces.
2021-02-26 15:50:29,193 [restartedMain] INFO  o.s.b.w.embedded.tomcat.TomcatWebServer            - Tomcat initialized with port(s): 9797 (http)
2021-02-26 15:50:29,205 [restartedMain] INFO  o.apache.coyote.http11.Http11NioProtocol           - Initializing ProtocolHandler ["http-nio-9797"]
2021-02-26 15:50:29,206 [restartedMain] INFO  org.apache.catalina.core.StandardService           - Starting service [Tomcat]
2021-02-26 15:50:29,207 [restartedMain] INFO  org.apache.catalina.core.StandardEngine            - Starting Servlet engine: [Apache Tomcat/9.0.41]
2021-02-26 15:50:29,487 [restartedMain] INFO  o.a.c.c.C.[Tomcat].[localhost].[/]                 - Initializing Spring embedded WebApplicationContext
2021-02-26 15:50:29,488 [restartedMain] INFO  o.s.b.w.s.c.ServletWebServerApplicationContext     - Root WebApplicationContext: initialization completed in 5056 ms
2021-02-26 15:50:30,152 [restartedMain] INFO  com.zaxxer.hikari.HikariDataSource                 - HikariPool-1 - Starting...
2021-02-26 15:50:30,154 [restartedMain] WARN  com.zaxxer.hikari.util.DriverDataSource            - Registered driver with driverClassName=oracle.jdbc.driver.OracleDriver was not found, trying direct instantiation.
2021-02-26 15:50:38,629 [restartedMain] INFO  com.zaxxer.hikari.HikariDataSource                 - HikariPool-1 - Start completed.
2021-02-26 15:50:39,405 [restartedMain] INFO  o.hibernate.jpa.internal.util.LogHelper            - HHH000204: Processing PersistenceUnitInfo [name: default]
2021-02-26 15:50:40,562 [restartedMain] INFO  org.hibernate.Version                              - HHH000412: Hibernate ORM core version 5.4.27.Final
2021-02-26 15:50:41,372 [restartedMain] INFO  org.hibernate.annotations.common.Version           - HCANN000001: Hibernate Commons Annotations {5.1.2.Final}
2021-02-26 15:50:41,557 [restartedMain] INFO  org.hibernate.dialect.Dialect                      - HHH000400: Using dialect: org.hibernate.dialect.Oracle10gDialect
2021-02-26 15:50:44,320 [restartedMain] INFO  o.h.e.t.j.p.i.JtaPlatformInitiator                 - HHH000490: Using JtaPlatform implementation: [org.hibernate.engine.transaction.jta.platform.internal.NoJtaPlatform]
2021-02-26 15:50:44,333 [restartedMain] INFO  o.s.o.j.LocalContainerEntityManagerFactoryBean     - Initialized JPA EntityManagerFactory for persistence unit 'default'
2021-02-26 15:50:45,469 [restartedMain] WARN  o.s.b.a.o.j.JpaBaseConfiguration$JpaWebConfiguration - spring.jpa.open-in-view is enabled by default. Therefore, database queries may be performed during view rendering. Explicitly configure spring.jpa.open-in-view to disable this warning
2021-02-26 15:50:46,091 [restartedMain] INFO  o.s.b.a.e.web.EndpointLinksResolver                - Exposing 2 endpoint(s) beneath base path '/actuator'
2021-02-26 15:50:46,291 [restartedMain] INFO  o.s.s.concurrent.ThreadPoolTaskExecutor            - Initializing ExecutorService 'applicationTaskExecutor'
2021-02-26 15:50:46,386 [restartedMain] INFO  o.s.b.d.a.OptionalLiveReloadServer                 - LiveReload server is running on port 35729
2021-02-26 15:50:46,738 [restartedMain] INFO  o.apache.coyote.http11.Http11NioProtocol           - Starting ProtocolHandler ["http-nio-9797"]
2021-02-26 15:50:47,346 [restartedMain] INFO  o.s.b.w.embedded.tomcat.TomcatWebServer            - Tomcat started on port(s): 9797 (http) with context path ''
2021-02-26 15:50:47,391 [restartedMain] INFO  s.d.s.w.p.DocumentationPluginsBootstrapper         - Context refreshed
2021-02-26 15:50:47,423 [restartedMain] INFO  s.d.s.w.p.DocumentationPluginsBootstrapper         - Found 1 custom documentation plugin(s)
2021-02-26 15:50:47,440 [restartedMain] INFO  s.d.s.w.s.ApiListingReferenceScanner               - Scanning for api listing references
2021-02-26 15:50:47,637 [restartedMain] INFO  com.phonebook.PhoneBookApplication                 - Started PhoneBookApplication in 23.798 seconds (JVM running for 26.137)
2021-02-26 15:50:49,669 [RMI TCP Connection(3)-127.0.0.1] INFO  o.a.c.c.C.[Tomcat].[localhost].[/]                 - Initializing Spring DispatcherServlet 'dispatcherServlet'
2021-02-26 15:50:49,670 [RMI TCP Connection(3)-127.0.0.1] INFO  o.s.web.servlet.DispatcherServlet                  - Initializing Servlet 'dispatcherServlet'
2021-02-26 15:50:49,674 [RMI TCP Connection(3)-127.0.0.1] INFO  o.s.web.servlet.DispatcherServlet                  - Completed initialization in 4 ms
2021-02-26 16:07:46,102 [RMI TCP Connection(30)-127.0.0.1] INFO  o.s.b.a.SpringApplicationAdminMXBeanRegistrar$SpringApplicationAdmin - Application shutdown requested.
2021-02-26 16:07:46,523 [RMI TCP Connection(30)-127.0.0.1] INFO  o.s.s.concurrent.ThreadPoolTaskExecutor            - Shutting down ExecutorService 'applicationTaskExecutor'
2021-02-26 16:07:46,535 [RMI TCP Connection(30)-127.0.0.1] INFO  o.s.o.j.LocalContainerEntityManagerFactoryBean     - Closing JPA EntityManagerFactory for persistence unit 'default'
2021-02-26 16:07:46,577 [RMI TCP Connection(30)-127.0.0.1] INFO  com.zaxxer.hikari.HikariDataSource                 - HikariPool-1 - Shutdown initiated...
2021-02-26 16:07:46,789 [RMI TCP Connection(30)-127.0.0.1] INFO  com.zaxxer.hikari.HikariDataSource                 - HikariPool-1 - Shutdown completed.
2021-02-26 16:51:13,553 [main] INFO  o.s.b.t.a.w.s.WebMvcTestContextBootstrapper        - Neither @ContextConfiguration nor @ContextHierarchy found for test class [com.phonebook.controller.RestControllerTest], using SpringBootContextLoader
2021-02-26 16:51:13,572 [main] INFO  o.s.t.c.support.AbstractContextLoader              - Could not detect default resource locations for test class [com.phonebook.controller.RestControllerTest]: no resource found for suffixes {-context.xml, Context.groovy}.
2021-02-26 16:51:13,576 [main] INFO  o.s.t.c.s.AnnotationConfigContextLoaderUtils       - Could not detect default configuration classes for test class [com.phonebook.controller.RestControllerTest]: RestControllerTest does not declare any static, non-private, non-final, nested classes annotated with @Configuration.
2021-02-26 16:51:14,160 [main] INFO  o.s.b.t.c.SpringBootTestContextBootstrapper        - Found @SpringBootConfiguration com.phonebook.PhoneBookApplication for test class com.phonebook.controller.RestControllerTest
2021-02-26 16:51:14,168 [main] INFO  o.s.b.t.a.w.s.WebMvcTestContextBootstrapper        - Loaded default TestExecutionListener class names from location [META-INF/spring.factories]: [org.springframework.boot.test.mock.mockito.MockitoTestExecutionListener, org.springframework.boot.test.mock.mockito.ResetMocksTestExecutionListener, org.springframework.boot.test.autoconfigure.restdocs.RestDocsTestExecutionListener, org.springframework.boot.test.autoconfigure.web.client.MockRestServiceServerResetTestExecutionListener, org.springframework.boot.test.autoconfigure.web.servlet.MockMvcPrintOnlyOnFailureTestExecutionListener, org.springframework.boot.test.autoconfigure.web.servlet.WebDriverTestExecutionListener, org.springframework.boot.test.autoconfigure.webservices.client.MockWebServiceServerTestExecutionListener, org.springframework.test.context.web.ServletTestExecutionListener, org.springframework.test.context.support.DirtiesContextBeforeModesTestExecutionListener, org.springframework.test.context.event.ApplicationEventsTestExecutionListener, org.springframework.test.context.support.DependencyInjectionTestExecutionListener, org.springframework.test.context.support.DirtiesContextTestExecutionListener, org.springframework.test.context.transaction.TransactionalTestExecutionListener, org.springframework.test.context.jdbc.SqlScriptsTestExecutionListener, org.springframework.test.context.event.EventPublishingTestExecutionListener]
2021-02-26 16:51:14,244 [main] INFO  o.s.b.t.a.w.s.WebMvcTestContextBootstrapper        - Using TestExecutionListeners: [org.springframework.test.context.web.ServletTestExecutionListener@7a6d7e92, org.springframework.test.context.support.DirtiesContextBeforeModesTestExecutionListener@aba625, org.springframework.test.context.event.ApplicationEventsTestExecutionListener@97e93f1, org.springframework.boot.test.mock.mockito.MockitoTestExecutionListener@5a5a729f, org.springframework.boot.test.autoconfigure.SpringBootDependencyInjectionTestExecutionListener@4b520ea8, org.springframework.test.context.support.DirtiesContextTestExecutionListener@16150369, org.springframework.test.context.transaction.TransactionalTestExecutionListener@6b09fb41, org.springframework.test.context.jdbc.SqlScriptsTestExecutionListener@624ea235, org.springframework.test.context.event.EventPublishingTestExecutionListener@3932c79a, org.springframework.boot.test.mock.mockito.ResetMocksTestExecutionListener@782859e, org.springframework.boot.test.autoconfigure.restdocs.RestDocsTestExecutionListener@23f5b5dc, org.springframework.boot.test.autoconfigure.web.client.MockRestServiceServerResetTestExecutionListener@34bde49d, org.springframework.boot.test.autoconfigure.web.servlet.MockMvcPrintOnlyOnFailureTestExecutionListener@1b1cfb87, org.springframework.boot.test.autoconfigure.web.servlet.WebDriverTestExecutionListener@821330f, org.springframework.boot.test.autoconfigure.webservices.client.MockWebServiceServerTestExecutionListener@6f43c82]
2021-02-26 16:51:15,814 [main] INFO  c.p.controller.RestControllerTest                  - Starting RestControllerTest using Java 1.8.0_281 on LAPTOP-OEH3SNOH with PID 5668 (started by raman in F:\STS\13-JRTP\PhoneBook)
2021-02-26 16:51:15,818 [main] INFO  c.p.controller.RestControllerTest                  - No active profile set, falling back to default profiles: default
2021-02-26 16:51:20,379 [main] INFO  o.s.s.concurrent.ThreadPoolTaskExecutor            - Initializing ExecutorService 'applicationTaskExecutor'
2021-02-26 16:51:21,160 [main] INFO  o.s.b.t.m.w.SpringBootMockServletContext           - Initializing Spring TestDispatcherServlet ''
2021-02-26 16:51:21,161 [main] INFO  o.s.t.web.servlet.TestDispatcherServlet            - Initializing Servlet ''
2021-02-26 16:51:21,163 [main] INFO  o.s.t.web.servlet.TestDispatcherServlet            - Completed initialization in 2 ms
2021-02-26 16:51:21,221 [main] INFO  c.p.controller.RestControllerTest                  - Started RestControllerTest in 6.842 seconds (JVM running for 12.094)
2021-02-26 16:51:22,530 [main] INFO  com.phonebook.controller.RestControllers           - *** saveContact() -contact saved ***
2021-02-26 16:51:22,835 [main] INFO  o.s.b.t.c.SpringBootTestContextBootstrapper        - Neither @ContextConfiguration nor @ContextHierarchy found for test class [com.phonebook.demo.PhoneBookApplicationTests], using SpringBootContextLoader
2021-02-26 16:51:22,837 [main] INFO  o.s.t.c.support.AbstractContextLoader              - Could not detect default resource locations for test class [com.phonebook.demo.PhoneBookApplicationTests]: no resource found for suffixes {-context.xml, Context.groovy}.
2021-02-26 16:51:22,838 [main] INFO  o.s.t.c.s.AnnotationConfigContextLoaderUtils       - Could not detect default configuration classes for test class [com.phonebook.demo.PhoneBookApplicationTests]: PhoneBookApplicationTests does not declare any static, non-private, non-final, nested classes annotated with @Configuration.
2021-02-26 16:51:22,856 [main] INFO  o.s.b.t.c.SpringBootTestContextBootstrapper        - Found @SpringBootConfiguration com.phonebook.PhoneBookApplication for test class com.phonebook.demo.PhoneBookApplicationTests
2021-02-26 16:51:22,870 [main] INFO  o.s.b.t.c.SpringBootTestContextBootstrapper        - Loaded default TestExecutionListener class names from location [META-INF/spring.factories]: [org.springframework.boot.test.mock.mockito.MockitoTestExecutionListener, org.springframework.boot.test.mock.mockito.ResetMocksTestExecutionListener, org.springframework.boot.test.autoconfigure.restdocs.RestDocsTestExecutionListener, org.springframework.boot.test.autoconfigure.web.client.MockRestServiceServerResetTestExecutionListener, org.springframework.boot.test.autoconfigure.web.servlet.MockMvcPrintOnlyOnFailureTestExecutionListener, org.springframework.boot.test.autoconfigure.web.servlet.WebDriverTestExecutionListener, org.springframework.boot.test.autoconfigure.webservices.client.MockWebServiceServerTestExecutionListener, org.springframework.test.context.web.ServletTestExecutionListener, org.springframework.test.context.support.DirtiesContextBeforeModesTestExecutionListener, org.springframework.test.context.event.ApplicationEventsTestExecutionListener, org.springframework.test.context.support.DependencyInjectionTestExecutionListener, org.springframework.test.context.support.DirtiesContextTestExecutionListener, org.springframework.test.context.transaction.TransactionalTestExecutionListener, org.springframework.test.context.jdbc.SqlScriptsTestExecutionListener, org.springframework.test.context.event.EventPublishingTestExecutionListener]
2021-02-26 16:51:22,870 [main] INFO  o.s.b.t.c.SpringBootTestContextBootstrapper        - Using TestExecutionListeners: [org.springframework.test.context.web.ServletTestExecutionListener@6bee793f, org.springframework.test.context.support.DirtiesContextBeforeModesTestExecutionListener@655f69da, org.springframework.test.context.event.ApplicationEventsTestExecutionListener@43b5021c, org.springframework.boot.test.mock.mockito.MockitoTestExecutionListener@28369db0, org.springframework.boot.test.autoconfigure.SpringBootDependencyInjectionTestExecutionListener@30893e08, org.springframework.test.context.support.DirtiesContextTestExecutionListener@2e86807a, org.springframework.test.context.transaction.TransactionalTestExecutionListener@4548d254, org.springframework.test.context.jdbc.SqlScriptsTestExecutionListener@590f0c50, org.springframework.test.context.event.EventPublishingTestExecutionListener@208f0007, org.springframework.boot.test.mock.mockito.ResetMocksTestExecutionListener@3a90c13c, org.springframework.boot.test.autoconfigure.restdocs.RestDocsTestExecutionListener@39c96e48, org.springframework.boot.test.autoconfigure.web.client.MockRestServiceServerResetTestExecutionListener@188598ad, org.springframework.boot.test.autoconfigure.web.servlet.MockMvcPrintOnlyOnFailureTestExecutionListener@40d23c82, org.springframework.boot.test.autoconfigure.web.servlet.WebDriverTestExecutionListener@7cf78c85, org.springframework.boot.test.autoconfigure.webservices.client.MockWebServiceServerTestExecutionListener@ebe067d]
2021-02-26 16:51:22,996 [main] INFO  c.p.demo.PhoneBookApplicationTests                 - Starting PhoneBookApplicationTests using Java 1.8.0_281 on LAPTOP-OEH3SNOH with PID 5668 (started by raman in F:\STS\13-JRTP\PhoneBook)
2021-02-26 16:51:23,001 [main] INFO  c.p.demo.PhoneBookApplicationTests                 - No active profile set, falling back to default profiles: default
2021-02-26 16:51:26,332 [main] INFO  o.s.d.r.c.RepositoryConfigurationDelegate          - Bootstrapping Spring Data JPA repositories in DEFAULT mode.
2021-02-26 16:51:26,459 [main] INFO  o.s.d.r.c.RepositoryConfigurationDelegate          - Finished Spring Data repository scanning in 109 ms. Found 1 JPA repository interfaces.
2021-02-26 16:51:28,168 [main] INFO  com.zaxxer.hikari.HikariDataSource                 - HikariPool-1 - Starting...
2021-02-26 16:51:28,187 [main] WARN  com.zaxxer.hikari.util.DriverDataSource            - Registered driver with driverClassName=oracle.jdbc.driver.OracleDriver was not found, trying direct instantiation.
2021-02-26 16:51:31,316 [main] INFO  com.zaxxer.hikari.HikariDataSource                 - HikariPool-1 - Start completed.
2021-02-26 16:51:31,575 [main] INFO  o.hibernate.jpa.internal.util.LogHelper            - HHH000204: Processing PersistenceUnitInfo [name: default]
2021-02-26 16:51:31,850 [main] INFO  org.hibernate.Version                              - HHH000412: Hibernate ORM core version 5.4.27.Final
2021-02-26 16:51:32,209 [main] INFO  org.hibernate.annotations.common.Version           - HCANN000001: Hibernate Commons Annotations {5.1.2.Final}
2021-02-26 16:51:33,077 [main] INFO  org.hibernate.dialect.Dialect                      - HHH000400: Using dialect: org.hibernate.dialect.Oracle10gDialect
2021-02-26 16:51:36,309 [main] INFO  o.h.e.t.j.p.i.JtaPlatformInitiator                 - HHH000490: Using JtaPlatform implementation: [org.hibernate.engine.transaction.jta.platform.internal.NoJtaPlatform]
2021-02-26 16:51:36,336 [main] INFO  o.s.o.j.LocalContainerEntityManagerFactoryBean     - Initialized JPA EntityManagerFactory for persistence unit 'default'
2021-02-26 16:51:38,091 [main] WARN  o.s.b.a.o.j.JpaBaseConfiguration$JpaWebConfiguration - spring.jpa.open-in-view is enabled by default. Therefore, database queries may be performed during view rendering. Explicitly configure spring.jpa.open-in-view to disable this warning
2021-02-26 16:51:39,223 [main] INFO  o.s.b.a.e.web.EndpointLinksResolver                - Exposing 2 endpoint(s) beneath base path '/actuator'
2021-02-26 16:51:40,250 [main] INFO  o.s.s.concurrent.ThreadPoolTaskExecutor            - Initializing ExecutorService 'applicationTaskExecutor'
2021-02-26 16:51:41,104 [main] INFO  s.d.s.w.p.DocumentationPluginsBootstrapper         - Context refreshed
2021-02-26 16:51:41,299 [main] INFO  s.d.s.w.p.DocumentationPluginsBootstrapper         - Found 1 custom documentation plugin(s)
2021-02-26 16:51:41,331 [main] INFO  s.d.s.w.s.ApiListingReferenceScanner               - Scanning for api listing references
2021-02-26 16:51:41,577 [main] INFO  c.p.demo.PhoneBookApplicationTests                 - Started PhoneBookApplicationTests in 18.698 seconds (JVM running for 32.45)
2021-02-26 16:51:41,676 [SpringContextShutdownHook] INFO  o.s.s.concurrent.ThreadPoolTaskExecutor            - Shutting down ExecutorService 'applicationTaskExecutor'
2021-02-26 16:51:41,681 [SpringContextShutdownHook] INFO  o.s.s.concurrent.ThreadPoolTaskExecutor            - Shutting down ExecutorService 'applicationTaskExecutor'
2021-02-26 16:51:41,687 [SpringContextShutdownHook] INFO  o.s.o.j.LocalContainerEntityManagerFactoryBean     - Closing JPA EntityManagerFactory for persistence unit 'default'
2021-02-26 16:51:41,693 [SpringContextShutdownHook] INFO  com.zaxxer.hikari.HikariDataSource                 - HikariPool-1 - Shutdown initiated...
2021-02-26 16:51:41,739 [SpringContextShutdownHook] INFO  com.zaxxer.hikari.HikariDataSource                 - HikariPool-1 - Shutdown completed.
2021-02-26 16:59:28,261 [main] INFO  o.s.b.t.a.w.s.WebMvcTestContextBootstrapper        - Neither @ContextConfiguration nor @ContextHierarchy found for test class [com.phonebook.controller.RestControllerTest], using SpringBootContextLoader
2021-02-26 16:59:28,342 [main] INFO  o.s.t.c.support.AbstractContextLoader              - Could not detect default resource locations for test class [com.phonebook.controller.RestControllerTest]: no resource found for suffixes {-context.xml, Context.groovy}.
2021-02-26 16:59:28,344 [main] INFO  o.s.t.c.s.AnnotationConfigContextLoaderUtils       - Could not detect default configuration classes for test class [com.phonebook.controller.RestControllerTest]: RestControllerTest does not declare any static, non-private, non-final, nested classes annotated with @Configuration.
2021-02-26 16:59:28,754 [main] INFO  o.s.b.t.c.SpringBootTestContextBootstrapper        - Found @SpringBootConfiguration com.phonebook.PhoneBookApplication for test class com.phonebook.controller.RestControllerTest
2021-02-26 16:59:28,764 [main] INFO  o.s.b.t.a.w.s.WebMvcTestContextBootstrapper        - Loaded default TestExecutionListener class names from location [META-INF/spring.factories]: [org.springframework.boot.test.mock.mockito.MockitoTestExecutionListener, org.springframework.boot.test.mock.mockito.ResetMocksTestExecutionListener, org.springframework.boot.test.autoconfigure.restdocs.RestDocsTestExecutionListener, org.springframework.boot.test.autoconfigure.web.client.MockRestServiceServerResetTestExecutionListener, org.springframework.boot.test.autoconfigure.web.servlet.MockMvcPrintOnlyOnFailureTestExecutionListener, org.springframework.boot.test.autoconfigure.web.servlet.WebDriverTestExecutionListener, org.springframework.boot.test.autoconfigure.webservices.client.MockWebServiceServerTestExecutionListener, org.springframework.test.context.web.ServletTestExecutionListener, org.springframework.test.context.support.DirtiesContextBeforeModesTestExecutionListener, org.springframework.test.context.event.ApplicationEventsTestExecutionListener, org.springframework.test.context.support.DependencyInjectionTestExecutionListener, org.springframework.test.context.support.DirtiesContextTestExecutionListener, org.springframework.test.context.transaction.TransactionalTestExecutionListener, org.springframework.test.context.jdbc.SqlScriptsTestExecutionListener, org.springframework.test.context.event.EventPublishingTestExecutionListener]
2021-02-26 16:59:28,831 [main] INFO  o.s.b.t.a.w.s.WebMvcTestContextBootstrapper        - Using TestExecutionListeners: [org.springframework.test.context.web.ServletTestExecutionListener@aba625, org.springframework.test.context.support.DirtiesContextBeforeModesTestExecutionListener@97e93f1, org.springframework.test.context.event.ApplicationEventsTestExecutionListener@5a5a729f, org.springframework.boot.test.mock.mockito.MockitoTestExecutionListener@4b520ea8, org.springframework.boot.test.autoconfigure.SpringBootDependencyInjectionTestExecutionListener@16150369, org.springframework.test.context.support.DirtiesContextTestExecutionListener@6b09fb41, org.springframework.test.context.transaction.TransactionalTestExecutionListener@624ea235, org.springframework.test.context.jdbc.SqlScriptsTestExecutionListener@3932c79a, org.springframework.test.context.event.EventPublishingTestExecutionListener@782859e, org.springframework.boot.test.mock.mockito.ResetMocksTestExecutionListener@23f5b5dc, org.springframework.boot.test.autoconfigure.restdocs.RestDocsTestExecutionListener@34bde49d, org.springframework.boot.test.autoconfigure.web.client.MockRestServiceServerResetTestExecutionListener@1b1cfb87, org.springframework.boot.test.autoconfigure.web.servlet.MockMvcPrintOnlyOnFailureTestExecutionListener@821330f, org.springframework.boot.test.autoconfigure.web.servlet.WebDriverTestExecutionListener@6f43c82, org.springframework.boot.test.autoconfigure.webservices.client.MockWebServiceServerTestExecutionListener@5db6b9cd]
2021-02-26 16:59:30,297 [main] INFO  c.p.controller.RestControllerTest                  - Starting RestControllerTest using Java 1.8.0_281 on LAPTOP-OEH3SNOH with PID 16936 (started by raman in F:\STS\13-JRTP\PhoneBook)
2021-02-26 16:59:30,301 [main] INFO  c.p.controller.RestControllerTest                  - No active profile set, falling back to default profiles: default
2021-02-26 16:59:33,067 [main] INFO  o.s.s.concurrent.ThreadPoolTaskExecutor            - Initializing ExecutorService 'applicationTaskExecutor'
2021-02-26 16:59:33,731 [main] INFO  o.s.b.t.m.w.SpringBootMockServletContext           - Initializing Spring TestDispatcherServlet ''
2021-02-26 16:59:33,731 [main] INFO  o.s.t.web.servlet.TestDispatcherServlet            - Initializing Servlet ''
2021-02-26 16:59:33,733 [main] INFO  o.s.t.web.servlet.TestDispatcherServlet            - Completed initialization in 2 ms
2021-02-26 16:59:33,812 [main] INFO  c.p.controller.RestControllerTest                  - Started RestControllerTest in 4.811 seconds (JVM running for 7.71)
2021-02-26 16:59:34,497 [main] INFO  com.phonebook.controller.RestControllers           - *** saveContact() -contact saved ***
2021-02-26 16:59:34,564 [main] INFO  o.s.b.t.c.SpringBootTestContextBootstrapper        - Neither @ContextConfiguration nor @ContextHierarchy found for test class [com.phonebook.demo.PhoneBookApplicationTests], using SpringBootContextLoader
2021-02-26 16:59:34,566 [main] INFO  o.s.t.c.support.AbstractContextLoader              - Could not detect default resource locations for test class [com.phonebook.demo.PhoneBookApplicationTests]: no resource found for suffixes {-context.xml, Context.groovy}.
2021-02-26 16:59:34,567 [main] INFO  o.s.t.c.s.AnnotationConfigContextLoaderUtils       - Could not detect default configuration classes for test class [com.phonebook.demo.PhoneBookApplicationTests]: PhoneBookApplicationTests does not declare any static, non-private, non-final, nested classes annotated with @Configuration.
2021-02-26 16:59:34,578 [main] INFO  o.s.b.t.c.SpringBootTestContextBootstrapper        - Found @SpringBootConfiguration com.phonebook.PhoneBookApplication for test class com.phonebook.demo.PhoneBookApplicationTests
2021-02-26 16:59:34,585 [main] INFO  o.s.b.t.c.SpringBootTestContextBootstrapper        - Loaded default TestExecutionListener class names from location [META-INF/spring.factories]: [org.springframework.boot.test.mock.mockito.MockitoTestExecutionListener, org.springframework.boot.test.mock.mockito.ResetMocksTestExecutionListener, org.springframework.boot.test.autoconfigure.restdocs.RestDocsTestExecutionListener, org.springframework.boot.test.autoconfigure.web.client.MockRestServiceServerResetTestExecutionListener, org.springframework.boot.test.autoconfigure.web.servlet.MockMvcPrintOnlyOnFailureTestExecutionListener, org.springframework.boot.test.autoconfigure.web.servlet.WebDriverTestExecutionListener, org.springframework.boot.test.autoconfigure.webservices.client.MockWebServiceServerTestExecutionListener, org.springframework.test.context.web.ServletTestExecutionListener, org.springframework.test.context.support.DirtiesContextBeforeModesTestExecutionListener, org.springframework.test.context.event.ApplicationEventsTestExecutionListener, org.springframework.test.context.support.DependencyInjectionTestExecutionListener, org.springframework.test.context.support.DirtiesContextTestExecutionListener, org.springframework.test.context.transaction.TransactionalTestExecutionListener, org.springframework.test.context.jdbc.SqlScriptsTestExecutionListener, org.springframework.test.context.event.EventPublishingTestExecutionListener]
2021-02-26 16:59:34,586 [main] INFO  o.s.b.t.c.SpringBootTestContextBootstrapper        - Using TestExecutionListeners: [org.springframework.test.context.web.ServletTestExecutionListener@2e86807a, org.springframework.test.context.support.DirtiesContextBeforeModesTestExecutionListener@4548d254, org.springframework.test.context.event.ApplicationEventsTestExecutionListener@590f0c50, org.springframework.boot.test.mock.mockito.MockitoTestExecutionListener@208f0007, org.springframework.boot.test.autoconfigure.SpringBootDependencyInjectionTestExecutionListener@3a90c13c, org.springframework.test.context.support.DirtiesContextTestExecutionListener@39c96e48, org.springframework.test.context.transaction.TransactionalTestExecutionListener@188598ad, org.springframework.test.context.jdbc.SqlScriptsTestExecutionListener@40d23c82, org.springframework.test.context.event.EventPublishingTestExecutionListener@7cf78c85, org.springframework.boot.test.mock.mockito.ResetMocksTestExecutionListener@ebe067d, org.springframework.boot.test.autoconfigure.restdocs.RestDocsTestExecutionListener@3a4ab7f7, org.springframework.boot.test.autoconfigure.web.client.MockRestServiceServerResetTestExecutionListener@6badba10, org.springframework.boot.test.autoconfigure.web.servlet.MockMvcPrintOnlyOnFailureTestExecutionListener@2b7e8044, org.springframework.boot.test.autoconfigure.web.servlet.WebDriverTestExecutionListener@550de6b8, org.springframework.boot.test.autoconfigure.webservices.client.MockWebServiceServerTestExecutionListener@3a1706e1]
2021-02-26 16:59:34,672 [main] INFO  c.p.demo.PhoneBookApplicationTests                 - Starting PhoneBookApplicationTests using Java 1.8.0_281 on LAPTOP-OEH3SNOH with PID 16936 (started by raman in F:\STS\13-JRTP\PhoneBook)
2021-02-26 16:59:34,674 [main] INFO  c.p.demo.PhoneBookApplicationTests                 - No active profile set, falling back to default profiles: default
2021-02-26 16:59:36,744 [main] INFO  o.s.d.r.c.RepositoryConfigurationDelegate          - Bootstrapping Spring Data JPA repositories in DEFAULT mode.
2021-02-26 16:59:36,867 [main] INFO  o.s.d.r.c.RepositoryConfigurationDelegate          - Finished Spring Data repository scanning in 104 ms. Found 1 JPA repository interfaces.
2021-02-26 16:59:38,102 [main] INFO  com.zaxxer.hikari.HikariDataSource                 - HikariPool-1 - Starting...
2021-02-26 16:59:38,113 [main] WARN  com.zaxxer.hikari.util.DriverDataSource            - Registered driver with driverClassName=oracle.jdbc.driver.OracleDriver was not found, trying direct instantiation.
2021-02-26 16:59:39,732 [main] INFO  com.zaxxer.hikari.HikariDataSource                 - HikariPool-1 - Start completed.
2021-02-26 16:59:39,930 [main] INFO  o.hibernate.jpa.internal.util.LogHelper            - HHH000204: Processing PersistenceUnitInfo [name: default]
2021-02-26 16:59:40,413 [main] INFO  org.hibernate.Version                              - HHH000412: Hibernate ORM core version 5.4.27.Final
2021-02-26 16:59:40,547 [main] INFO  org.hibernate.annotations.common.Version           - HCANN000001: Hibernate Commons Annotations {5.1.2.Final}
2021-02-26 16:59:40,941 [main] INFO  org.hibernate.dialect.Dialect                      - HHH000400: Using dialect: org.hibernate.dialect.Oracle10gDialect
2021-02-26 16:59:42,680 [main] INFO  o.h.e.t.j.p.i.JtaPlatformInitiator                 - HHH000490: Using JtaPlatform implementation: [org.hibernate.engine.transaction.jta.platform.internal.NoJtaPlatform]
2021-02-26 16:59:42,698 [main] INFO  o.s.o.j.LocalContainerEntityManagerFactoryBean     - Initialized JPA EntityManagerFactory for persistence unit 'default'
2021-02-26 16:59:44,176 [main] WARN  o.s.b.a.o.j.JpaBaseConfiguration$JpaWebConfiguration - spring.jpa.open-in-view is enabled by default. Therefore, database queries may be performed during view rendering. Explicitly configure spring.jpa.open-in-view to disable this warning
2021-02-26 16:59:45,158 [main] INFO  o.s.b.a.e.web.EndpointLinksResolver                - Exposing 2 endpoint(s) beneath base path '/actuator'
2021-02-26 16:59:46,089 [main] INFO  o.s.s.concurrent.ThreadPoolTaskExecutor            - Initializing ExecutorService 'applicationTaskExecutor'
2021-02-26 16:59:47,118 [main] INFO  s.d.s.w.p.DocumentationPluginsBootstrapper         - Context refreshed
2021-02-26 16:59:47,361 [main] INFO  s.d.s.w.p.DocumentationPluginsBootstrapper         - Found 1 custom documentation plugin(s)
2021-02-26 16:59:47,382 [main] INFO  s.d.s.w.s.ApiListingReferenceScanner               - Scanning for api listing references
2021-02-26 16:59:47,618 [main] INFO  c.p.demo.PhoneBookApplicationTests                 - Started PhoneBookApplicationTests in 13.027 seconds (JVM running for 21.516)
2021-02-26 16:59:47,651 [SpringContextShutdownHook] INFO  o.s.s.concurrent.ThreadPoolTaskExecutor            - Shutting down ExecutorService 'applicationTaskExecutor'
2021-02-26 16:59:47,665 [SpringContextShutdownHook] INFO  o.s.o.j.LocalContainerEntityManagerFactoryBean     - Closing JPA EntityManagerFactory for persistence unit 'default'
2021-02-26 16:59:47,673 [SpringContextShutdownHook] INFO  o.s.s.concurrent.ThreadPoolTaskExecutor            - Shutting down ExecutorService 'applicationTaskExecutor'
2021-02-26 16:59:47,682 [SpringContextShutdownHook] INFO  com.zaxxer.hikari.HikariDataSource                 - HikariPool-1 - Shutdown initiated...
2021-02-26 16:59:47,717 [SpringContextShutdownHook] INFO  com.zaxxer.hikari.HikariDataSource                 - HikariPool-1 - Shutdown completed.
2021-02-26 17:08:28,874 [main] INFO  o.s.b.t.a.w.s.WebMvcTestContextBootstrapper        - Neither @ContextConfiguration nor @ContextHierarchy found for test class [com.phonebook.controller.RestControllerTest], using SpringBootContextLoader
2021-02-26 17:08:28,928 [main] INFO  o.s.t.c.support.AbstractContextLoader              - Could not detect default resource locations for test class [com.phonebook.controller.RestControllerTest]: no resource found for suffixes {-context.xml, Context.groovy}.
2021-02-26 17:08:28,932 [main] INFO  o.s.t.c.s.AnnotationConfigContextLoaderUtils       - Could not detect default configuration classes for test class [com.phonebook.controller.RestControllerTest]: RestControllerTest does not declare any static, non-private, non-final, nested classes annotated with @Configuration.
2021-02-26 17:08:30,038 [main] INFO  o.s.b.t.c.SpringBootTestContextBootstrapper        - Found @SpringBootConfiguration com.phonebook.PhoneBookApplication for test class com.phonebook.controller.RestControllerTest
2021-02-26 17:08:30,057 [main] INFO  o.s.b.t.a.w.s.WebMvcTestContextBootstrapper        - Loaded default TestExecutionListener class names from location [META-INF/spring.factories]: [org.springframework.boot.test.mock.mockito.MockitoTestExecutionListener, org.springframework.boot.test.mock.mockito.ResetMocksTestExecutionListener, org.springframework.boot.test.autoconfigure.restdocs.RestDocsTestExecutionListener, org.springframework.boot.test.autoconfigure.web.client.MockRestServiceServerResetTestExecutionListener, org.springframework.boot.test.autoconfigure.web.servlet.MockMvcPrintOnlyOnFailureTestExecutionListener, org.springframework.boot.test.autoconfigure.web.servlet.WebDriverTestExecutionListener, org.springframework.boot.test.autoconfigure.webservices.client.MockWebServiceServerTestExecutionListener, org.springframework.test.context.web.ServletTestExecutionListener, org.springframework.test.context.support.DirtiesContextBeforeModesTestExecutionListener, org.springframework.test.context.event.ApplicationEventsTestExecutionListener, org.springframework.test.context.support.DependencyInjectionTestExecutionListener, org.springframework.test.context.support.DirtiesContextTestExecutionListener, org.springframework.test.context.transaction.TransactionalTestExecutionListener, org.springframework.test.context.jdbc.SqlScriptsTestExecutionListener, org.springframework.test.context.event.EventPublishingTestExecutionListener]
2021-02-26 17:08:30,189 [main] INFO  o.s.b.t.a.w.s.WebMvcTestContextBootstrapper        - Using TestExecutionListeners: [org.springframework.test.context.web.ServletTestExecutionListener@290c266c, org.springframework.test.context.support.DirtiesContextBeforeModesTestExecutionListener@75b363c3, org.springframework.test.context.event.ApplicationEventsTestExecutionListener@6ea3a513, org.springframework.boot.test.mock.mockito.MockitoTestExecutionListener@3c4059a, org.springframework.boot.test.autoconfigure.SpringBootDependencyInjectionTestExecutionListener@4b336cc8, org.springframework.test.context.support.DirtiesContextTestExecutionListener@2570b316, org.springframework.test.context.transaction.TransactionalTestExecutionListener@56881196, org.springframework.test.context.jdbc.SqlScriptsTestExecutionListener@75c33608, org.springframework.test.context.event.EventPublishingTestExecutionListener@25464154, org.springframework.boot.test.mock.mockito.ResetMocksTestExecutionListener@58ebee9, org.springframework.boot.test.autoconfigure.restdocs.RestDocsTestExecutionListener@131c0b6f, org.springframework.boot.test.autoconfigure.web.client.MockRestServiceServerResetTestExecutionListener@7f030c72, org.springframework.boot.test.autoconfigure.web.servlet.MockMvcPrintOnlyOnFailureTestExecutionListener@68d8ae27, org.springframework.boot.test.autoconfigure.web.servlet.WebDriverTestExecutionListener@18513c23, org.springframework.boot.test.autoconfigure.webservices.client.MockWebServiceServerTestExecutionListener@6be50b35]
2021-02-26 17:08:31,619 [main] INFO  c.p.controller.RestControllerTest                  - Starting RestControllerTest using Java 1.8.0_281 on LAPTOP-OEH3SNOH with PID 10936 (started by raman in F:\STS\13-JRTP\PhoneBook)
2021-02-26 17:08:31,625 [main] INFO  c.p.controller.RestControllerTest                  - No active profile set, falling back to default profiles: default
2021-02-26 17:08:37,631 [main] INFO  o.s.s.concurrent.ThreadPoolTaskExecutor            - Initializing ExecutorService 'applicationTaskExecutor'
2021-02-26 17:08:38,368 [main] INFO  o.s.b.t.m.w.SpringBootMockServletContext           - Initializing Spring TestDispatcherServlet ''
2021-02-26 17:08:38,369 [main] INFO  o.s.t.web.servlet.TestDispatcherServlet            - Initializing Servlet ''
2021-02-26 17:08:38,371 [main] INFO  o.s.t.web.servlet.TestDispatcherServlet            - Completed initialization in 2 ms
2021-02-26 17:08:38,453 [main] INFO  c.p.controller.RestControllerTest                  - Started RestControllerTest in 8.032 seconds (JVM running for 13.619)
2021-02-26 17:08:39,185 [main] INFO  com.phonebook.controller.RestControllers           - *** saveContact() -contact saved ***
2021-02-26 17:08:39,305 [main] INFO  o.s.b.t.c.SpringBootTestContextBootstrapper        - Neither @ContextConfiguration nor @ContextHierarchy found for test class [com.phonebook.demo.PhoneBookApplicationTests], using SpringBootContextLoader
2021-02-26 17:08:39,307 [main] INFO  o.s.t.c.support.AbstractContextLoader              - Could not detect default resource locations for test class [com.phonebook.demo.PhoneBookApplicationTests]: no resource found for suffixes {-context.xml, Context.groovy}.
2021-02-26 17:08:39,308 [main] INFO  o.s.t.c.s.AnnotationConfigContextLoaderUtils       - Could not detect default configuration classes for test class [com.phonebook.demo.PhoneBookApplicationTests]: PhoneBookApplicationTests does not declare any static, non-private, non-final, nested classes annotated with @Configuration.
2021-02-26 17:08:39,361 [main] INFO  o.s.b.t.c.SpringBootTestContextBootstrapper        - Found @SpringBootConfiguration com.phonebook.PhoneBookApplication for test class com.phonebook.demo.PhoneBookApplicationTests
2021-02-26 17:08:39,380 [main] INFO  o.s.b.t.c.SpringBootTestContextBootstrapper        - Loaded default TestExecutionListener class names from location [META-INF/spring.factories]: [org.springframework.boot.test.mock.mockito.MockitoTestExecutionListener, org.springframework.boot.test.mock.mockito.ResetMocksTestExecutionListener, org.springframework.boot.test.autoconfigure.restdocs.RestDocsTestExecutionListener, org.springframework.boot.test.autoconfigure.web.client.MockRestServiceServerResetTestExecutionListener, org.springframework.boot.test.autoconfigure.web.servlet.MockMvcPrintOnlyOnFailureTestExecutionListener, org.springframework.boot.test.autoconfigure.web.servlet.WebDriverTestExecutionListener, org.springframework.boot.test.autoconfigure.webservices.client.MockWebServiceServerTestExecutionListener, org.springframework.test.context.web.ServletTestExecutionListener, org.springframework.test.context.support.DirtiesContextBeforeModesTestExecutionListener, org.springframework.test.context.event.ApplicationEventsTestExecutionListener, org.springframework.test.context.support.DependencyInjectionTestExecutionListener, org.springframework.test.context.support.DirtiesContextTestExecutionListener, org.springframework.test.context.transaction.TransactionalTestExecutionListener, org.springframework.test.context.jdbc.SqlScriptsTestExecutionListener, org.springframework.test.context.event.EventPublishingTestExecutionListener]
2021-02-26 17:08:39,384 [main] INFO  o.s.b.t.c.SpringBootTestContextBootstrapper        - Using TestExecutionListeners: [org.springframework.test.context.web.ServletTestExecutionListener@1ecfaad7, org.springframework.test.context.support.DirtiesContextBeforeModesTestExecutionListener@4b14d435, org.springframework.test.context.event.ApplicationEventsTestExecutionListener@41c4d341, org.springframework.boot.test.mock.mockito.MockitoTestExecutionListener@578dc8c6, org.springframework.boot.test.autoconfigure.SpringBootDependencyInjectionTestExecutionListener@347749f2, org.springframework.test.context.support.DirtiesContextTestExecutionListener@59af8635, org.springframework.test.context.transaction.TransactionalTestExecutionListener@3e96089a, org.springframework.test.context.jdbc.SqlScriptsTestExecutionListener@7643c76, org.springframework.test.context.event.EventPublishingTestExecutionListener@9d2ddb1, org.springframework.boot.test.mock.mockito.ResetMocksTestExecutionListener@2c697c90, org.springframework.boot.test.autoconfigure.restdocs.RestDocsTestExecutionListener@2235635f, org.springframework.boot.test.autoconfigure.web.client.MockRestServiceServerResetTestExecutionListener@4946ce3, org.springframework.boot.test.autoconfigure.web.servlet.MockMvcPrintOnlyOnFailureTestExecutionListener@1bb40695, org.springframework.boot.test.autoconfigure.web.servlet.WebDriverTestExecutionListener@7cde748f, org.springframework.boot.test.autoconfigure.webservices.client.MockWebServiceServerTestExecutionListener@7578dfd0]
2021-02-26 17:08:39,733 [main] INFO  c.p.demo.PhoneBookApplicationTests                 - Starting PhoneBookApplicationTests using Java 1.8.0_281 on LAPTOP-OEH3SNOH with PID 10936 (started by raman in F:\STS\13-JRTP\PhoneBook)
2021-02-26 17:08:39,736 [main] INFO  c.p.demo.PhoneBookApplicationTests                 - No active profile set, falling back to default profiles: default
2021-02-26 17:08:44,694 [main] INFO  o.s.d.r.c.RepositoryConfigurationDelegate          - Bootstrapping Spring Data JPA repositories in DEFAULT mode.
2021-02-26 17:08:45,050 [main] INFO  o.s.d.r.c.RepositoryConfigurationDelegate          - Finished Spring Data repository scanning in 327 ms. Found 1 JPA repository interfaces.
2021-02-26 17:08:47,239 [main] INFO  com.zaxxer.hikari.HikariDataSource                 - HikariPool-1 - Starting...
2021-02-26 17:08:47,279 [main] WARN  com.zaxxer.hikari.util.DriverDataSource            - Registered driver with driverClassName=oracle.jdbc.driver.OracleDriver was not found, trying direct instantiation.
2021-02-26 17:09:01,093 [main] INFO  com.zaxxer.hikari.HikariDataSource                 - HikariPool-1 - Start completed.
2021-02-26 17:09:02,316 [main] INFO  o.hibernate.jpa.internal.util.LogHelper            - HHH000204: Processing PersistenceUnitInfo [name: default]
2021-02-26 17:09:03,094 [main] INFO  org.hibernate.Version                              - HHH000412: Hibernate ORM core version 5.4.27.Final
2021-02-26 17:09:03,379 [main] INFO  org.hibernate.annotations.common.Version           - HCANN000001: Hibernate Commons Annotations {5.1.2.Final}
2021-02-26 17:09:04,038 [main] INFO  org.hibernate.dialect.Dialect                      - HHH000400: Using dialect: org.hibernate.dialect.Oracle10gDialect
2021-02-26 17:09:07,227 [main] INFO  o.h.e.t.j.p.i.JtaPlatformInitiator                 - HHH000490: Using JtaPlatform implementation: [org.hibernate.engine.transaction.jta.platform.internal.NoJtaPlatform]
2021-02-26 17:09:07,273 [main] INFO  o.s.o.j.LocalContainerEntityManagerFactoryBean     - Initialized JPA EntityManagerFactory for persistence unit 'default'
2021-02-26 17:09:09,455 [main] WARN  o.s.b.a.o.j.JpaBaseConfiguration$JpaWebConfiguration - spring.jpa.open-in-view is enabled by default. Therefore, database queries may be performed during view rendering. Explicitly configure spring.jpa.open-in-view to disable this warning
2021-02-26 17:09:10,672 [main] INFO  o.s.b.a.e.web.EndpointLinksResolver                - Exposing 2 endpoint(s) beneath base path '/actuator'
2021-02-26 17:09:11,847 [main] INFO  o.s.s.concurrent.ThreadPoolTaskExecutor            - Initializing ExecutorService 'applicationTaskExecutor'
2021-02-26 17:09:12,676 [main] INFO  s.d.s.w.p.DocumentationPluginsBootstrapper         - Context refreshed
2021-02-26 17:09:12,754 [main] INFO  s.d.s.w.p.DocumentationPluginsBootstrapper         - Found 1 custom documentation plugin(s)
2021-02-26 17:09:12,794 [main] INFO  s.d.s.w.s.ApiListingReferenceScanner               - Scanning for api listing references
2021-02-26 17:09:13,279 [main] INFO  c.p.demo.PhoneBookApplicationTests                 - Started PhoneBookApplicationTests in 33.887 seconds (JVM running for 48.444)
2021-02-26 17:09:13,365 [SpringContextShutdownHook] INFO  o.s.s.concurrent.ThreadPoolTaskExecutor            - Shutting down ExecutorService 'applicationTaskExecutor'
2021-02-26 17:09:13,366 [SpringContextShutdownHook] INFO  o.s.s.concurrent.ThreadPoolTaskExecutor            - Shutting down ExecutorService 'applicationTaskExecutor'
2021-02-26 17:09:13,878 [SpringContextShutdownHook] INFO  o.s.o.j.LocalContainerEntityManagerFactoryBean     - Closing JPA EntityManagerFactory for persistence unit 'default'
2021-02-26 17:09:13,884 [SpringContextShutdownHook] INFO  com.zaxxer.hikari.HikariDataSource                 - HikariPool-1 - Shutdown initiated...
2021-02-26 17:09:14,735 [SpringContextShutdownHook] INFO  com.zaxxer.hikari.HikariDataSource                 - HikariPool-1 - Shutdown completed.
